app/build/intermediates/manifest_merge_blame_file/debug/processDebugMainManifest/manifest-merger-blame-debug-report.txt
1<?xml version="1.0" encoding="utf-8"?>
2<manifest xmlns:android="http://schemas.android.com/apk/res/android"
3    package="com.example.jotjot"
4    android:versionCode="8"
5    android:versionName="1.7" >
6
7    <uses-sdk
7-->INJECTED
8        android:minSdkVersion="24"
8-->INJECTED
9        android:targetSdkVersion="34" />
9-->INJECTED
10
11    <uses-permission android:name="android.permission.POST_NOTIFICATIONS" />
11-->src/main/AndroidManifest.xml:4:5-77
11-->src/main/AndroidManifest.xml:4:22-74
12    <uses-permission
12-->src/main/AndroidManifest.xml:5:5-106
13        android:name="android.permission.SCHEDULE_EXACT_ALARM"
13-->src/main/AndroidManifest.xml:5:22-76
14        android:maxSdkVersion="32" />
14-->src/main/AndroidManifest.xml:5:77-103
15    <uses-permission android:name="android.permission.USE_EXACT_ALARM" />
15-->src/main/AndroidManifest.xml:6:5-74
15-->src/main/AndroidManifest.xml:6:22-71
16    <uses-permission android:name="android.permission.RECEIVE_BOOT_COMPLETED" />
16-->src/main/AndroidManifest.xml:7:5-81
16-->src/main/AndroidManifest.xml:7:22-78
17    <uses-permission android:name="android.permission.WAKE_LOCK" />
17-->[androidx.work:work-runtime:2.7.1] AndroidManifest.xml:25:5-68
17-->[androidx.work:work-runtime:2.7.1] AndroidManifest.xml:25:22-65
18    <uses-permission android:name="android.permission.ACCESS_NETWORK_STATE" />
18-->[androidx.work:work-runtime:2.7.1] AndroidManifest.xml:26:5-79
18-->[androidx.work:work-runtime:2.7.1] AndroidManifest.xml:26:22-76
19    <uses-permission android:name="android.permission.FOREGROUND_SERVICE" />
19-->[androidx.work:work-runtime:2.7.1] AndroidManifest.xml:28:5-77
19-->[androidx.work:work-runtime:2.7.1] AndroidManifest.xml:28:22-74
20
21    <permission
21-->[androidx.core:core:1.12.0] AndroidManifest.xml:22:5-24:47
22        android:name="com.example.jotjot.DYNAMIC_RECEIVER_NOT_EXPORTED_PERMISSION"
22-->[androidx.core:core:1.12.0] AndroidManifest.xml:23:9-81
23        android:protectionLevel="signature" />
23-->[androidx.core:core:1.12.0] AndroidManifest.xml:24:9-44
24
25    <uses-permission android:name="com.example.jotjot.DYNAMIC_RECEIVER_NOT_EXPORTED_PERMISSION" />
25-->[androidx.core:core:1.12.0] AndroidManifest.xml:26:5-97
25-->[androidx.core:core:1.12.0] AndroidManifest.xml:26:22-94
26
27    <application
27-->src/main/AndroidManifest.xml:9:5-51:19
28        android:allowBackup="true"
28-->src/main/AndroidManifest.xml:10:9-35
29        android:appComponentFactory="androidx.core.app.CoreComponentFactory"
29-->[androidx.core:core:1.12.0] AndroidManifest.xml:28:18-86
30        android:debuggable="true"
31        android:extractNativeLibs="false"
31-->INJECTED
32        android:icon="@mipmap/ic_launcher"
32-->src/main/AndroidManifest.xml:11:9-43
33        android:label="@string/app_name"
33-->src/main/AndroidManifest.xml:13:9-41
34        android:roundIcon="@mipmap/ic_launcher_round"
34-->src/main/AndroidManifest.xml:12:9-54
35        android:supportsRtl="true"
35-->src/main/AndroidManifest.xml:14:9-35
36        android:testOnly="true"
37        android:theme="@style/Theme.JotJot" >
37-->src/main/AndroidManifest.xml:15:9-44
38        <receiver
38-->src/main/AndroidManifest.xml:17:9-22:20
39            android:name="com.example.jotjot.notification.NotificationReceiver"
39-->src/main/AndroidManifest.xml:17:19-68
40            android:exported="false" >
40-->src/main/AndroidManifest.xml:17:69-93
41            <intent-filter>
41-->src/main/AndroidManifest.xml:18:13-21:29
42                <action android:name="com.example.jotjot.ACTION_COMPLETE" />
42-->src/main/AndroidManifest.xml:19:17-77
42-->src/main/AndroidManifest.xml:19:25-74
43                <action android:name="com.example.jotjot.ACTION_SNOOZE" />
43-->src/main/AndroidManifest.xml:20:17-75
43-->src/main/AndroidManifest.xml:20:25-72
44            </intent-filter>
45        </receiver>
46        <receiver
46-->src/main/AndroidManifest.xml:24:9-28:20
47            android:name="com.example.jotjot.notification.BootReceiver"
47-->src/main/AndroidManifest.xml:24:19-60
48            android:exported="true" >
48-->src/main/AndroidManifest.xml:24:61-84
49            <intent-filter>
49-->src/main/AndroidManifest.xml:25:13-27:29
50                <action android:name="android.intent.action.BOOT_COMPLETED" />
50-->src/main/AndroidManifest.xml:26:17-79
50-->src/main/AndroidManifest.xml:26:25-76
51            </intent-filter>
52        </receiver>
53        <receiver
53-->src/main/AndroidManifest.xml:30:9-40:20
54            android:name="com.example.jotjot.widget.TaskWidgetReceiver"
54-->src/main/AndroidManifest.xml:31:13-54
55            android:exported="true"
55-->src/main/AndroidManifest.xml:32:13-36
56            android:label="@string/app_name" >
56-->src/main/AndroidManifest.xml:33:13-45
57            <intent-filter>
57-->src/main/AndroidManifest.xml:34:13-36:29
58                <action android:name="android.appwidget.action.APPWIDGET_UPDATE" />
58-->src/main/AndroidManifest.xml:35:17-84
58-->src/main/AndroidManifest.xml:35:25-81
59            </intent-filter>
60
61            <meta-data
61-->src/main/AndroidManifest.xml:37:13-39:60
62                android:name="android.appwidget.provider"
62-->src/main/AndroidManifest.xml:38:17-58
63                android:resource="@xml/task_widget_info" />
63-->src/main/AndroidManifest.xml:39:17-57
64        </receiver>
65
66        <activity
66-->src/main/AndroidManifest.xml:42:9-50:20
67            android:name="com.example.jotjot.MainActivity"
67-->src/main/AndroidManifest.xml:43:13-41
68            android:exported="true"
68-->src/main/AndroidManifest.xml:44:13-36
69            android:theme="@style/Theme.JotJot" >
69-->src/main/AndroidManifest.xml:45:13-48
70            <intent-filter>
70-->src/main/AndroidManifest.xml:46:13-49:29
71                <action android:name="android.intent.action.MAIN" />
71-->src/main/AndroidManifest.xml:47:17-69
71-->src/main/AndroidManifest.xml:47:25-66
72
73                <category android:name="android.intent.category.LAUNCHER" />
73-->src/main/AndroidManifest.xml:48:17-77
73-->src/main/AndroidManifest.xml:48:27-74
74            </intent-filter>
75        </activity>
76        <activity
76-->[androidx.glance:glance-appwidget:1.1.1] AndroidManifest.xml:23:9-28:62
77            android:name="androidx.glance.appwidget.action.ActionTrampolineActivity"
77-->[androidx.glance:glance-appwidget:1.1.1] AndroidManifest.xml:24:13-85
78            android:enabled="true"
78-->[androidx.glance:glance-appwidget:1.1.1] AndroidManifest.xml:25:13-35
79            android:excludeFromRecents="true"
79-->[androidx.glance:glance-appwidget:1.1.1] AndroidManifest.xml:26:13-46
80            android:exported="false"
80-->[androidx.glance:glance-appwidget:1.1.1] AndroidManifest.xml:27:13-37
81            android:theme="@android:style/Theme.NoDisplay" />
81-->[androidx.glance:glance-appwidget:1.1.1] AndroidManifest.xml:28:13-59
82        <activity
82-->[androidx.glance:glance-appwidget:1.1.1] AndroidManifest.xml:29:9-36:81
83            android:name="androidx.glance.appwidget.action.InvisibleActionTrampolineActivity"
83-->[androidx.glance:glance-appwidget:1.1.1] AndroidManifest.xml:30:13-94
84            android:enabled="true"
84-->[androidx.glance:glance-appwidget:1.1.1] AndroidManifest.xml:31:13-35
85            android:exported="false"
85-->[androidx.glance:glance-appwidget:1.1.1] AndroidManifest.xml:32:13-37
86            android:launchMode="singleInstance"
86-->[androidx.glance:glance-appwidget:1.1.1] AndroidManifest.xml:33:13-48
87            android:noHistory="true"
87-->[androidx.glance:glance-appwidget:1.1.1] AndroidManifest.xml:34:13-37
88            android:taskAffinity="androidx.glance.appwidget.ListAdapterCallbackTrampoline"
88-->[androidx.glance:glance-appwidget:1.1.1] AndroidManifest.xml:35:13-91
89            android:theme="@style/Widget.Glance.AppWidget.CallbackTrampoline" />
89-->[androidx.glance:glance-appwidget:1.1.1] AndroidManifest.xml:36:13-78
90
91        <receiver
91-->[androidx.glance:glance-appwidget:1.1.1] AndroidManifest.xml:38:9-41:40
92            android:name="androidx.glance.appwidget.action.ActionCallbackBroadcastReceiver"
92-->[androidx.glance:glance-appwidget:1.1.1] AndroidManifest.xml:39:13-92
93            android:enabled="true"
93-->[androidx.glance:glance-appwidget:1.1.1] AndroidManifest.xml:40:13-35
94            android:exported="false" />
94-->[androidx.glance:glance-appwidget:1.1.1] AndroidManifest.xml:41:13-37
95        <receiver
95-->[androidx.glance:glance-appwidget:1.1.1] AndroidManifest.xml:42:9-45:40
96            android:name="androidx.glance.appwidget.UnmanagedSessionReceiver"
96-->[androidx.glance:glance-appwidget:1.1.1] AndroidManifest.xml:43:13-78
97            android:enabled="true"
97-->[androidx.glance:glance-appwidget:1.1.1] AndroidManifest.xml:44:13-35
98            android:exported="false" />
98-->[androidx.glance:glance-appwidget:1.1.1] AndroidManifest.xml:45:13-37
99        <receiver
99-->[androidx.glance:glance-appwidget:1.1.1] AndroidManifest.xml:46:9-53:20
100            android:name="androidx.glance.appwidget.MyPackageReplacedReceiver"
100-->[androidx.glance:glance-appwidget:1.1.1] AndroidManifest.xml:47:13-79
101            android:enabled="true"
101-->[androidx.glance:glance-appwidget:1.1.1] AndroidManifest.xml:48:13-35
102            android:exported="false" >
102-->[androidx.glance:glance-appwidget:1.1.1] AndroidManifest.xml:49:13-37
103            <intent-filter>
103-->[androidx.glance:glance-appwidget:1.1.1] AndroidManifest.xml:50:13-52:29
104                <action android:name="android.intent.action.MY_PACKAGE_REPLACED" />
104-->[androidx.glance:glance-appwidget:1.1.1] AndroidManifest.xml:51:17-84
104-->[androidx.glance:glance-appwidget:1.1.1] AndroidManifest.xml:51:25-81
105            </intent-filter>
106        </receiver>
107
108        <service
108-->[androidx.glance:glance-appwidget:1.1.1] AndroidManifest.xml:55:9-58:72
109            android:name="androidx.glance.appwidget.GlanceRemoteViewsService"
109-->[androidx.glance:glance-appwidget:1.1.1] AndroidManifest.xml:56:13-78
110            android:exported="true"
110-->[androidx.glance:glance-appwidget:1.1.1] AndroidManifest.xml:57:13-36
111            android:permission="android.permission.BIND_REMOTEVIEWS" />
111-->[androidx.glance:glance-appwidget:1.1.1] AndroidManifest.xml:58:13-69
112
113        <provider
113-->[androidx.work:work-runtime:2.7.1] AndroidManifest.xml:31:9-39:20
114            android:name="androidx.startup.InitializationProvider"
114-->[androidx.work:work-runtime:2.7.1] AndroidManifest.xml:32:13-67
115            android:authorities="com.example.jotjot.androidx-startup"
115-->[androidx.work:work-runtime:2.7.1] AndroidManifest.xml:33:13-68
116            android:exported="false" >
116-->[androidx.work:work-runtime:2.7.1] AndroidManifest.xml:34:13-37
117            <meta-data
117-->[androidx.work:work-runtime:2.7.1] AndroidManifest.xml:36:13-38:52
118                android:name="androidx.work.WorkManagerInitializer"
118-->[androidx.work:work-runtime:2.7.1] AndroidManifest.xml:37:17-68
119                android:value="androidx.startup" />
119-->[androidx.work:work-runtime:2.7.1] AndroidManifest.xml:38:17-49
120            <meta-data
120-->[androidx.emoji2:emoji2:1.3.0] AndroidManifest.xml:29:13-31:52
121                android:name="androidx.emoji2.text.EmojiCompatInitializer"
121-->[androidx.emoji2:emoji2:1.3.0] AndroidManifest.xml:30:17-75
122                android:value="androidx.startup" />
122-->[androidx.emoji2:emoji2:1.3.0] AndroidManifest.xml:31:17-49
123            <meta-data
123-->[androidx.lifecycle:lifecycle-process:2.7.0] AndroidManifest.xml:29:13-31:52
124                android:name="androidx.lifecycle.ProcessLifecycleInitializer"
124-->[androidx.lifecycle:lifecycle-process:2.7.0] AndroidManifest.xml:30:17-78
125                android:value="androidx.startup" />
125-->[androidx.lifecycle:lifecycle-process:2.7.0] AndroidManifest.xml:31:17-49
126            <meta-data
126-->[androidx.profileinstaller:profileinstaller:1.3.0] AndroidManifest.xml:29:13-31:52
127                android:name="androidx.profileinstaller.ProfileInstallerInitializer"
127-->[androidx.profileinstaller:profileinstaller:1.3.0] AndroidManifest.xml:30:17-85
128                android:value="androidx.startup" />
128-->[androidx.profileinstaller:profileinstaller:1.3.0] AndroidManifest.xml:31:17-49
129        </provider>
130
131        <service
131-->[androidx.work:work-runtime:2.7.1] AndroidManifest.xml:41:9-46:35
132            android:name="androidx.work.impl.background.systemalarm.SystemAlarmService"
132-->[androidx.work:work-runtime:2.7.1] AndroidManifest.xml:42:13-88
133            android:directBootAware="false"
133-->[androidx.work:work-runtime:2.7.1] AndroidManifest.xml:43:13-44
134            android:enabled="@bool/enable_system_alarm_service_default"
134-->[androidx.work:work-runtime:2.7.1] AndroidManifest.xml:44:13-72
135            android:exported="false" />
135-->[androidx.work:work-runtime:2.7.1] AndroidManifest.xml:45:13-37
136        <service
136-->[androidx.work:work-runtime:2.7.1] AndroidManifest.xml:47:9-53:35
137            android:name="androidx.work.impl.background.systemjob.SystemJobService"
137-->[androidx.work:work-runtime:2.7.1] AndroidManifest.xml:48:13-84
138            android:directBootAware="false"
138-->[androidx.work:work-runtime:2.7.1] AndroidManifest.xml:49:13-44
139            android:enabled="@bool/enable_system_job_service_default"
139-->[androidx.work:work-runtime:2.7.1] AndroidManifest.xml:50:13-70
140            android:exported="true"
140-->[androidx.work:work-runtime:2.7.1] AndroidManifest.xml:51:13-36
141            android:permission="android.permission.BIND_JOB_SERVICE" />
141-->[androidx.work:work-runtime:2.7.1] AndroidManifest.xml:52:13-69
142        <service
142-->[androidx.work:work-runtime:2.7.1] AndroidManifest.xml:54:9-59:35
143            android:name="androidx.work.impl.foreground.SystemForegroundService"
143-->[androidx.work:work-runtime:2.7.1] AndroidManifest.xml:55:13-81
144            android:directBootAware="false"
144-->[androidx.work:work-runtime:2.7.1] AndroidManifest.xml:56:13-44
145            android:enabled="@bool/enable_system_foreground_service_default"
145-->[androidx.work:work-runtime:2.7.1] AndroidManifest.xml:57:13-77
146            android:exported="false" />
146-->[androidx.work:work-runtime:2.7.1] AndroidManifest.xml:58:13-37
147
148        <receiver
148-->[androidx.work:work-runtime:2.7.1] AndroidManifest.xml:61:9-66:35
149            android:name="androidx.work.impl.utils.ForceStopRunnable$BroadcastReceiver"
149-->[androidx.work:work-runtime:2.7.1] AndroidManifest.xml:62:13-88
150            android:directBootAware="false"
150-->[androidx.work:work-runtime:2.7.1] AndroidManifest.xml:63:13-44
151            android:enabled="true"
151-->[androidx.work:work-runtime:2.7.1] AndroidManifest.xml:64:13-35
152            android:exported="false" />
152-->[androidx.work:work-runtime:2.7.1] AndroidManifest.xml:65:13-37
153        <receiver
153-->[androidx.work:work-runtime:2.7.1] AndroidManifest.xml:67:9-77:20
154            android:name="androidx.work.impl.background.systemalarm.ConstraintProxy$BatteryChargingProxy"
154-->[androidx.work:work-runtime:2.7.1] AndroidManifest.xml:68:13-106
155            android:directBootAware="false"
155-->[androidx.work:work-runtime:2.7.1] AndroidManifest.xml:69:13-44
156            android:enabled="false"
156-->[androidx.work:work-runtime:2.7.1] AndroidManifest.xml:70:13-36
157            android:exported="false" >
157-->[androidx.work:work-runtime:2.7.1] AndroidManifest.xml:71:13-37
158            <intent-filter>
158-->[androidx.work:work-runtime:2.7.1] AndroidManifest.xml:73:13-76:29
159                <action android:name="android.intent.action.ACTION_POWER_CONNECTED" />
159-->[androidx.work:work-runtime:2.7.1] AndroidManifest.xml:74:17-87
159-->[androidx.work:work-runtime:2.7.1] AndroidManifest.xml:74:25-84
160                <action android:name="android.intent.action.ACTION_POWER_DISCONNECTED" />
160-->[androidx.work:work-runtime:2.7.1] AndroidManifest.xml:75:17-90
160-->[androidx.work:work-runtime:2.7.1] AndroidManifest.xml:75:25-87
161            </intent-filter>
162        </receiver>
163        <receiver
163-->[androidx.work:work-runtime:2.7.1] AndroidManifest.xml:78:9-88:20
164            android:name="androidx.work.impl.background.systemalarm.ConstraintProxy$BatteryNotLowProxy"
164-->[androidx.work:work-runtime:2.7.1] AndroidManifest.xml:79:13-104
165            android:directBootAware="false"
165-->[androidx.work:work-runtime:2.7.1] AndroidManifest.xml:80:13-44
166            android:enabled="false"
166-->[androidx.work:work-runtime:2.7.1] AndroidManifest.xml:81:13-36
167            android:exported="false" >
167-->[androidx.work:work-runtime:2.7.1] AndroidManifest.xml:82:13-37
168            <intent-filter>
168-->[androidx.work:work-runtime:2.7.1] AndroidManifest.xml:84:13-87:29
169                <action android:name="android.intent.action.BATTERY_OKAY" />
169-->[androidx.work:work-runtime:2.7.1] AndroidManifest.xml:85:17-77
169-->[androidx.work:work-runtime:2.7.1] AndroidManifest.xml:85:25-74
170                <action android:name="android.intent.action.BATTERY_LOW" />
170-->[androidx.work:work-runtime:2.7.1] AndroidManifest.xml:86:17-76
170-->[androidx.work:work-runtime:2.7.1] AndroidManifest.xml:86:25-73
171            </intent-filter>
172        </receiver>
173        <receiver
173-->[androidx.work:work-runtime:2.7.1] AndroidManifest.xml:89:9-99:20
174            android:name="androidx.work.impl.background.systemalarm.ConstraintProxy$StorageNotLowProxy"
174-->[androidx.work:work-runtime:2.7.1] AndroidManifest.xml:90:13-104
175            android:directBootAware="false"
175-->[androidx.work:work-runtime:2.7.1] AndroidManifest.xml:91:13-44
176            android:enabled="false"
176-->[androidx.work:work-runtime:2.7.1] AndroidManifest.xml:92:13-36
177            android:exported="false" >
177-->[androidx.work:work-runtime:2.7.1] AndroidManifest.xml:93:13-37
178            <intent-filter>
178-->[androidx.work:work-runtime:2.7.1] AndroidManifest.xml:95:13-98:29
179                <action android:name="android.intent.action.DEVICE_STORAGE_LOW" />
179-->[androidx.work:work-runtime:2.7.1] AndroidManifest.xml:96:17-83
179-->[androidx.work:work-runtime:2.7.1] AndroidManifest.xml:96:25-80
180                <action android:name="android.intent.action.DEVICE_STORAGE_OK" />
180-->[androidx.work:work-runtime:2.7.1] AndroidManifest.xml:97:17-82
180-->[androidx.work:work-runtime:2.7.1] AndroidManifest.xml:97:25-79
181            </intent-filter>
182        </receiver>
183        <receiver
183-->[androidx.work:work-runtime:2.7.1] AndroidManifest.xml:100:9-109:20
184            android:name="androidx.work.impl.background.systemalarm.ConstraintProxy$NetworkStateProxy"
184-->[androidx.work:work-runtime:2.7.1] AndroidManifest.xml:101:13-103
185            android:directBootAware="false"
185-->[androidx.work:work-runtime:2.7.1] AndroidManifest.xml:102:13-44
186            android:enabled="false"
186-->[androidx.work:work-runtime:2.7.1] AndroidManifest.xml:103:13-36
187            android:exported="false" >
187-->[androidx.work:work-runtime:2.7.1] AndroidManifest.xml:104:13-37
188            <intent-filter>
188-->[androidx.work:work-runtime:2.7.1] AndroidManifest.xml:106:13-108:29
189                <action android:name="android.net.conn.CONNECTIVITY_CHANGE" />
189-->[androidx.work:work-runtime:2.7.1] AndroidManifest.xml:107:17-79
189-->[androidx.work:work-runtime:2.7.1] AndroidManifest.xml:107:25-76
190            </intent-filter>
191        </receiver>
192        <receiver
192-->[androidx.work:work-runtime:2.7.1] AndroidManifest.xml:110:9-121:20
193            android:name="androidx.work.impl.background.systemalarm.RescheduleReceiver"
193-->[androidx.work:work-runtime:2.7.1] AndroidManifest.xml:111:13-88
194            android:directBootAware="false"
194-->[androidx.work:work-runtime:2.7.1] AndroidManifest.xml:112:13-44
195            android:enabled="false"
195-->[androidx.work:work-runtime:2.7.1] AndroidManifest.xml:113:13-36
196            android:exported="false" >
196-->[androidx.work:work-runtime:2.7.1] AndroidManifest.xml:114:13-37
197            <intent-filter>
197-->[androidx.work:work-runtime:2.7.1] AndroidManifest.xml:116:13-120:29
198                <action android:name="android.intent.action.BOOT_COMPLETED" />
198-->src/main/AndroidManifest.xml:26:17-79
198-->src/main/AndroidManifest.xml:26:25-76
199                <action android:name="android.intent.action.TIME_SET" />
199-->[androidx.work:work-runtime:2.7.1] AndroidManifest.xml:118:17-73
199-->[androidx.work:work-runtime:2.7.1] AndroidManifest.xml:118:25-70
200                <action android:name="android.intent.action.TIMEZONE_CHANGED" />
200-->[androidx.work:work-runtime:2.7.1] AndroidManifest.xml:119:17-81
200-->[androidx.work:work-runtime:2.7.1] AndroidManifest.xml:119:25-78
201            </intent-filter>
202        </receiver>
203        <receiver
203-->[androidx.work:work-runtime:2.7.1] AndroidManifest.xml:122:9-131:20
204            android:name="androidx.work.impl.background.systemalarm.ConstraintProxyUpdateReceiver"
204-->[androidx.work:work-runtime:2.7.1] AndroidManifest.xml:123:13-99
205            android:directBootAware="false"
205-->[androidx.work:work-runtime:2.7.1] AndroidManifest.xml:124:13-44
206            android:enabled="@bool/enable_system_alarm_service_default"
206-->[androidx.work:work-runtime:2.7.1] AndroidManifest.xml:125:13-72
207            android:exported="false" >
207-->[androidx.work:work-runtime:2.7.1] AndroidManifest.xml:126:13-37
208            <intent-filter>
208-->[androidx.work:work-runtime:2.7.1] AndroidManifest.xml:128:13-130:29
209                <action android:name="androidx.work.impl.background.systemalarm.UpdateProxies" />
209-->[androidx.work:work-runtime:2.7.1] AndroidManifest.xml:129:17-98
209-->[androidx.work:work-runtime:2.7.1] AndroidManifest.xml:129:25-95
210            </intent-filter>
211        </receiver>
212        <receiver
212-->[androidx.work:work-runtime:2.7.1] AndroidManifest.xml:132:9-142:20
213            android:name="androidx.work.impl.diagnostics.DiagnosticsReceiver"
213-->[androidx.work:work-runtime:2.7.1] AndroidManifest.xml:133:13-78
214            android:directBootAware="false"
214-->[androidx.work:work-runtime:2.7.1] AndroidManifest.xml:134:13-44
215            android:enabled="true"
215-->[androidx.work:work-runtime:2.7.1] AndroidManifest.xml:135:13-35
216            android:exported="true"
216-->[androidx.work:work-runtime:2.7.1] AndroidManifest.xml:136:13-36
217            android:permission="android.permission.DUMP" >
217-->[androidx.work:work-runtime:2.7.1] AndroidManifest.xml:137:13-57
218            <intent-filter>
218-->[androidx.work:work-runtime:2.7.1] AndroidManifest.xml:139:13-141:29
219                <action android:name="androidx.work.diagnostics.REQUEST_DIAGNOSTICS" />
219-->[androidx.work:work-runtime:2.7.1] AndroidManifest.xml:140:17-88
219-->[androidx.work:work-runtime:2.7.1] AndroidManifest.xml:140:25-85
220            </intent-filter>
221        </receiver>
222
223        <service
223-->[androidx.room:room-runtime-android:2.7.0-alpha11] AndroidManifest.xml:24:9-28:63
224            android:name="androidx.room.MultiInstanceInvalidationService"
224-->[androidx.room:room-runtime-android:2.7.0-alpha11] AndroidManifest.xml:25:13-74
225            android:directBootAware="true"
225-->[androidx.room:room-runtime-android:2.7.0-alpha11] AndroidManifest.xml:26:13-43
226            android:exported="false" />
226-->[androidx.room:room-runtime-android:2.7.0-alpha11] AndroidManifest.xml:27:13-37
227
228        <activity
228-->[androidx.compose.ui:ui-tooling-android:1.6.6] AndroidManifest.xml:23:9-25:39
229            android:name="androidx.compose.ui.tooling.PreviewActivity"
229-->[androidx.compose.ui:ui-tooling-android:1.6.6] AndroidManifest.xml:24:13-71
230            android:exported="true" />
230-->[androidx.compose.ui:ui-tooling-android:1.6.6] AndroidManifest.xml:25:13-36
231        <activity
231-->[androidx.compose.ui:ui-test-manifest:1.6.6] AndroidManifest.xml:23:9-25:39
232            android:name="androidx.activity.ComponentActivity"
232-->[androidx.compose.ui:ui-test-manifest:1.6.6] AndroidManifest.xml:24:13-63
233            android:exported="true" />
233-->[androidx.compose.ui:ui-test-manifest:1.6.6] AndroidManifest.xml:25:13-36
234
235        <service
235-->[androidx.core:core-remoteviews:1.1.0] AndroidManifest.xml:24:9-27:63
236            android:name="androidx.core.widget.RemoteViewsCompatService"
236-->[androidx.core:core-remoteviews:1.1.0] AndroidManifest.xml:25:13-73
237            android:permission="android.permission.BIND_REMOTEVIEWS" />
237-->[androidx.core:core-remoteviews:1.1.0] AndroidManifest.xml:26:13-69
238
239        <receiver
239-->[androidx.profileinstaller:profileinstaller:1.3.0] AndroidManifest.xml:34:9-52:20
240            android:name="androidx.profileinstaller.ProfileInstallReceiver"
240-->[androidx.profileinstaller:profileinstaller:1.3.0] AndroidManifest.xml:35:13-76
241            android:directBootAware="false"
241-->[androidx.profileinstaller:profileinstaller:1.3.0] AndroidManifest.xml:36:13-44
242            android:enabled="true"
242-->[androidx.profileinstaller:profileinstaller:1.3.0] AndroidManifest.xml:37:13-35
243            android:exported="true"
243-->[androidx.profileinstaller:profileinstaller:1.3.0] AndroidManifest.xml:38:13-36
244            android:permission="android.permission.DUMP" >
244-->[androidx.profileinstaller:profileinstaller:1.3.0] AndroidManifest.xml:39:13-57
245            <intent-filter>
245-->[androidx.profileinstaller:profileinstaller:1.3.0] AndroidManifest.xml:40:13-42:29
246                <action android:name="androidx.profileinstaller.action.INSTALL_PROFILE" />
246-->[androidx.profileinstaller:profileinstaller:1.3.0] AndroidManifest.xml:41:17-91
246-->[androidx.profileinstaller:profileinstaller:1.3.0] AndroidManifest.xml:41:25-88
247            </intent-filter>
248            <intent-filter>
248-->[androidx.profileinstaller:profileinstaller:1.3.0] AndroidManifest.xml:43:13-45:29
249                <action android:name="androidx.profileinstaller.action.SKIP_FILE" />
249-->[androidx.profileinstaller:profileinstaller:1.3.0] AndroidManifest.xml:44:17-85
249-->[androidx.profileinstaller:profileinstaller:1.3.0] AndroidManifest.xml:44:25-82
250            </intent-filter>
251            <intent-filter>
251-->[androidx.profileinstaller:profileinstaller:1.3.0] AndroidManifest.xml:46:13-48:29
252                <action android:name="androidx.profileinstaller.action.SAVE_PROFILE" />
252-->[androidx.profileinstaller:profileinstaller:1.3.0] AndroidManifest.xml:47:17-88
252-->[androidx.profileinstaller:profileinstaller:1.3.0] AndroidManifest.xml:47:25-85
253            </intent-filter>
254            <intent-filter>
254-->[androidx.profileinstaller:profileinstaller:1.3.0] AndroidManifest.xml:49:13-51:29
255                <action android:name="androidx.profileinstaller.action.BENCHMARK_OPERATION" />
255-->[androidx.profileinstaller:profileinstaller:1.3.0] AndroidManifest.xml:50:17-95
255-->[androidx.profileinstaller:profileinstaller:1.3.0] AndroidManifest.xml:50:25-92
256            </intent-filter>
257        </receiver>
258    </application>
259
260</manifest>